<?xml version="1.0" encoding="UTF-8"?>
<robot generator="Robot 4.1.1 (Python 3.8.3 on win32)" generated="20220210 22:03:20.311" rpa="false" schemaversion="2">
<suite id="s1" name="Amazon" source="C:\Users\drich\Documents\qa\tutorials\udemy\robot-framework\amazon\Tests\Amazon.robot">
<kw name="Insert Testing Data" library="Common" type="SETUP">
<kw name="Custom Keyword 1" library="Common">
<kw name="Log" library="BuiltIn">
<arg>Doing keyword 1</arg>
<doc>Logs the given message with the given level.</doc>
<msg timestamp="20220210 22:03:20.556" level="INFO">Doing keyword 1</msg>
<status status="PASS" starttime="20220210 22:03:20.556" endtime="20220210 22:03:20.556"/>
</kw>
<status status="PASS" starttime="20220210 22:03:20.555" endtime="20220210 22:03:20.556"/>
</kw>
<kw name="Custom Keyword 2" library="Common">
<kw name="Log" library="BuiltIn">
<arg>Doing keyword 2</arg>
<doc>Logs the given message with the given level.</doc>
<msg timestamp="20220210 22:03:20.557" level="INFO">Doing keyword 2</msg>
<status status="PASS" starttime="20220210 22:03:20.556" endtime="20220210 22:03:20.557"/>
</kw>
<status status="PASS" starttime="20220210 22:03:20.556" endtime="20220210 22:03:20.557"/>
</kw>
<status status="PASS" starttime="20220210 22:03:20.555" endtime="20220210 22:03:20.557"/>
</kw>
<test id="s1-t1" name="User can search for products">
<kw name="Begin Web Test" library="Common" type="SETUP">
<kw name="Open Browser" library="SeleniumLibrary">
<arg>about:blank</arg>
<arg>edge</arg>
<doc>Opens a new browser instance to the optional ``url``.</doc>
<msg timestamp="20220210 22:03:20.559" level="INFO">Opening browser 'edge' to base url 'about:blank'.</msg>
<status status="PASS" starttime="20220210 22:03:20.558" endtime="20220210 22:03:24.003"/>
</kw>
<kw name="Maximize Browser Window" library="SeleniumLibrary">
<doc>Maximizes current browser window.</doc>
<status status="PASS" starttime="20220210 22:03:24.003" endtime="20220210 22:03:24.137"/>
</kw>
<status status="PASS" starttime="20220210 22:03:20.558" endtime="20220210 22:03:24.138"/>
</kw>
<kw name="Search for Products" library="Amazon">
<kw name="Go To" library="SeleniumLibrary">
<arg>http://www.amazon.com</arg>
<doc>Navigates the current browser window to the provided ``url``.</doc>
<msg timestamp="20220210 22:03:24.140" level="INFO">Opening url 'http://www.amazon.com'</msg>
<status status="PASS" starttime="20220210 22:03:24.140" endtime="20220210 22:03:26.827"/>
</kw>
<kw name="Wait Until Page Contains" library="SeleniumLibrary">
<arg>Amazon</arg>
<doc>Waits until ``text`` appears on the current page.</doc>
<status status="PASS" starttime="20220210 22:03:26.827" endtime="20220210 22:03:27.169"/>
</kw>
<kw name="Input Text" library="SeleniumLibrary">
<arg>id=twotabsearchtextbox</arg>
<arg>Ferrari 458</arg>
<doc>Types the given ``text`` into the text field identified by ``locator``.</doc>
<msg timestamp="20220210 22:03:27.170" level="INFO">Typing text 'Ferrari 458' into text field 'id=twotabsearchtextbox'.</msg>
<status status="PASS" starttime="20220210 22:03:27.169" endtime="20220210 22:03:27.712"/>
</kw>
<kw name="Sleep" library="BuiltIn">
<arg>3s</arg>
<doc>Pauses the test executed for the given time.</doc>
<msg timestamp="20220210 22:03:30.714" level="INFO">Slept 3 seconds</msg>
<status status="PASS" starttime="20220210 22:03:27.713" endtime="20220210 22:03:30.714"/>
</kw>
<kw name="Click Button" library="SeleniumLibrary">
<arg>xpath=//*[@id="nav-search-submit-button"]</arg>
<doc>Clicks the button identified by ``locator``.</doc>
<msg timestamp="20220210 22:03:30.715" level="INFO">Clicking button 'xpath=//*[@id="nav-search-submit-button"]'.</msg>
<status status="PASS" starttime="20220210 22:03:30.714" endtime="20220210 22:03:33.036"/>
</kw>
<kw name="Wait Until Page Contains" library="SeleniumLibrary">
<arg>results for "Ferrari 458"</arg>
<doc>Waits until ``text`` appears on the current page.</doc>
<status status="PASS" starttime="20220210 22:03:33.036" endtime="20220210 22:03:33.069"/>
</kw>
<kw name="Sleep" library="BuiltIn">
<arg>3s</arg>
<doc>Pauses the test executed for the given time.</doc>
<msg timestamp="20220210 22:03:36.073" level="INFO">Slept 3 seconds</msg>
<status status="PASS" starttime="20220210 22:03:33.069" endtime="20220210 22:03:36.073"/>
</kw>
<status status="PASS" starttime="20220210 22:03:24.139" endtime="20220210 22:03:36.073"/>
</kw>
<kw name="End Web Test" library="Common" type="TEARDOWN">
<kw name="Close Browser" library="SeleniumLibrary">
<doc>Closes the current browser.</doc>
<status status="PASS" starttime="20220210 22:03:36.074" endtime="20220210 22:03:38.476"/>
</kw>
<status status="PASS" starttime="20220210 22:03:36.074" endtime="20220210 22:03:38.477"/>
</kw>
<doc>This is some basic info about the Test</doc>
<tag>Smoke</tag>
<status status="PASS" starttime="20220210 22:03:20.557" endtime="20220210 22:03:38.477"/>
</test>
<test id="s1-t2" name="User must sign in to check out">
<kw name="Begin Web Test" library="Common" type="SETUP">
<kw name="Open Browser" library="SeleniumLibrary">
<arg>about:blank</arg>
<arg>edge</arg>
<doc>Opens a new browser instance to the optional ``url``.</doc>
<msg timestamp="20220210 22:03:38.483" level="INFO">Opening browser 'edge' to base url 'about:blank'.</msg>
<status status="PASS" starttime="20220210 22:03:38.482" endtime="20220210 22:03:41.936"/>
</kw>
<kw name="Maximize Browser Window" library="SeleniumLibrary">
<doc>Maximizes current browser window.</doc>
<status status="PASS" starttime="20220210 22:03:41.936" endtime="20220210 22:03:42.068"/>
</kw>
<status status="PASS" starttime="20220210 22:03:38.481" endtime="20220210 22:03:42.069"/>
</kw>
<kw name="Search for Products" library="Amazon">
<kw name="Go To" library="SeleniumLibrary">
<arg>http://www.amazon.com</arg>
<doc>Navigates the current browser window to the provided ``url``.</doc>
<msg timestamp="20220210 22:03:42.071" level="INFO">Opening url 'http://www.amazon.com'</msg>
<status status="PASS" starttime="20220210 22:03:42.070" endtime="20220210 22:03:44.906"/>
</kw>
<kw name="Wait Until Page Contains" library="SeleniumLibrary">
<arg>Amazon</arg>
<doc>Waits until ``text`` appears on the current page.</doc>
<status status="PASS" starttime="20220210 22:03:44.914" endtime="20220210 22:03:45.199"/>
</kw>
<kw name="Input Text" library="SeleniumLibrary">
<arg>id=twotabsearchtextbox</arg>
<arg>Ferrari 458</arg>
<doc>Types the given ``text`` into the text field identified by ``locator``.</doc>
<msg timestamp="20220210 22:03:45.200" level="INFO">Typing text 'Ferrari 458' into text field 'id=twotabsearchtextbox'.</msg>
<status status="PASS" starttime="20220210 22:03:45.199" endtime="20220210 22:03:45.737"/>
</kw>
<kw name="Sleep" library="BuiltIn">
<arg>3s</arg>
<doc>Pauses the test executed for the given time.</doc>
<msg timestamp="20220210 22:03:48.747" level="INFO">Slept 3 seconds</msg>
<status status="PASS" starttime="20220210 22:03:45.737" endtime="20220210 22:03:48.747"/>
</kw>
<kw name="Click Button" library="SeleniumLibrary">
<arg>xpath=//*[@id="nav-search-submit-button"]</arg>
<doc>Clicks the button identified by ``locator``.</doc>
<msg timestamp="20220210 22:03:48.748" level="INFO">Clicking button 'xpath=//*[@id="nav-search-submit-button"]'.</msg>
<status status="PASS" starttime="20220210 22:03:48.747" endtime="20220210 22:03:51.048"/>
</kw>
<kw name="Wait Until Page Contains" library="SeleniumLibrary">
<arg>results for "Ferrari 458"</arg>
<doc>Waits until ``text`` appears on the current page.</doc>
<status status="PASS" starttime="20220210 22:03:51.048" endtime="20220210 22:03:51.093"/>
</kw>
<kw name="Sleep" library="BuiltIn">
<arg>3s</arg>
<doc>Pauses the test executed for the given time.</doc>
<msg timestamp="20220210 22:03:54.102" level="INFO">Slept 3 seconds</msg>
<status status="PASS" starttime="20220210 22:03:51.093" endtime="20220210 22:03:54.102"/>
</kw>
<status status="PASS" starttime="20220210 22:03:42.070" endtime="20220210 22:03:54.103"/>
</kw>
<kw name="Select product from Search Results" library="Amazon">
<kw name="Click Link" library="SeleniumLibrary">
<arg>xpath=//*[@id="search"]/div[1]/div[1]/div/span[3]/div[2]/div[2]/div/div/div/div/div/div/div[2]/div[1]/h2/a</arg>
<doc>Clicks a link identified by ``locator``.</doc>
<msg timestamp="20220210 22:03:54.105" level="INFO">Clicking link 'xpath=//*[@id="search"]/div[1]/div[1]/div/span[3]/div[2]/div[2]/div/div/div/div/div/div/div[2]/div[1]/h2/a'.</msg>
<status status="PASS" starttime="20220210 22:03:54.104" endtime="20220210 22:04:02.661"/>
</kw>
<kw name="Wait Until Page Contains" library="SeleniumLibrary">
<arg>Back to results</arg>
<doc>Waits until ``text`` appears on the current page.</doc>
<status status="PASS" starttime="20220210 22:04:02.661" endtime="20220210 22:04:02.756"/>
</kw>
<status status="PASS" starttime="20220210 22:03:54.103" endtime="20220210 22:04:02.758"/>
</kw>
<kw name="Add Product to Cart" library="Amazon">
<kw name="Click Button" library="SeleniumLibrary">
<arg>css=#add-to-cart-button</arg>
<doc>Clicks the button identified by ``locator``.</doc>
<msg timestamp="20220210 22:04:02.758" level="INFO">Clicking button 'css=#add-to-cart-button'.</msg>
<status status="PASS" starttime="20220210 22:04:02.758" endtime="20220210 22:04:03.044"/>
</kw>
<kw name="Sleep" library="BuiltIn">
<arg>3s</arg>
<doc>Pauses the test executed for the given time.</doc>
<msg timestamp="20220210 22:04:06.055" level="INFO">Slept 3 seconds</msg>
<status status="PASS" starttime="20220210 22:04:03.044" endtime="20220210 22:04:06.055"/>
</kw>
<kw name="Click Button" library="SeleniumLibrary">
<arg>css=input[aria-labelledby='attachSiNoCoverage-announce']</arg>
<doc>Clicks the button identified by ``locator``.</doc>
<msg timestamp="20220210 22:04:06.055" level="INFO">Clicking button 'css=input[aria-labelledby='attachSiNoCoverage-announce']'.</msg>
<status status="PASS" starttime="20220210 22:04:06.055" endtime="20220210 22:04:06.323"/>
</kw>
<kw name="Sleep" library="BuiltIn">
<arg>3s</arg>
<doc>Pauses the test executed for the given time.</doc>
<msg timestamp="20220210 22:04:09.329" level="INFO">Slept 3 seconds</msg>
<status status="PASS" starttime="20220210 22:04:06.323" endtime="20220210 22:04:09.330"/>
</kw>
<kw name="Wait Until Page Contains" library="SeleniumLibrary">
<arg>Added to Cart</arg>
<doc>Waits until ``text`` appears on the current page.</doc>
<status status="PASS" starttime="20220210 22:04:09.330" endtime="20220210 22:04:09.401"/>
</kw>
<status status="PASS" starttime="20220210 22:04:02.758" endtime="20220210 22:04:09.401"/>
</kw>
<kw name="Begin Checkout" library="Amazon">
<kw name="Click Button" library="SeleniumLibrary">
<arg>Proceed to checkout</arg>
<doc>Clicks the button identified by ``locator``.</doc>
<msg timestamp="20220210 22:04:09.403" level="INFO">Clicking button 'Proceed to checkout'.</msg>
<status status="PASS" starttime="20220210 22:04:09.402" endtime="20220210 22:04:10.707"/>
</kw>
<kw name="Page Should Contain Element" library="SeleniumLibrary">
<arg>tag:h1</arg>
<doc>Verifies that element ``locator`` is found on the current page.</doc>
<msg timestamp="20220210 22:04:10.719" level="INFO">Current page contains element 'tag:h1'.</msg>
<status status="PASS" starttime="20220210 22:04:10.707" endtime="20220210 22:04:10.719"/>
</kw>
<kw name="Element Text Should Be" library="SeleniumLibrary">
<arg>tag:h1</arg>
<arg>Sign-In</arg>
<doc>Verifies that element ``locator`` contains exact the text ``expected``.</doc>
<msg timestamp="20220210 22:04:10.719" level="INFO">Verifying element 'tag:h1' contains exact text 'Sign-In'.</msg>
<status status="PASS" starttime="20220210 22:04:10.719" endtime="20220210 22:04:10.749"/>
</kw>
<status status="PASS" starttime="20220210 22:04:09.402" endtime="20220210 22:04:10.749"/>
</kw>
<kw name="End Web Test" library="Common" type="TEARDOWN">
<kw name="Close Browser" library="SeleniumLibrary">
<doc>Closes the current browser.</doc>
<status status="PASS" starttime="20220210 22:04:10.750" endtime="20220210 22:04:12.969"/>
</kw>
<status status="PASS" starttime="20220210 22:04:10.750" endtime="20220210 22:04:12.970"/>
</kw>
<doc>This is some basic info about the Test</doc>
<tag>Smoke</tag>
<status status="PASS" starttime="20220210 22:03:38.480" endtime="20220210 22:04:12.972"/>
</test>
<kw name="Cleanup Testing Data" library="Common" type="TEARDOWN">
<kw name="Log" library="BuiltIn">
<arg>Iam cleaning up the test data...</arg>
<doc>Logs the given message with the given level.</doc>
<msg timestamp="20220210 22:04:12.981" level="INFO">Iam cleaning up the test data...</msg>
<status status="PASS" starttime="20220210 22:04:12.980" endtime="20220210 22:04:12.981"/>
</kw>
<status status="PASS" starttime="20220210 22:04:12.979" endtime="20220210 22:04:12.982"/>
</kw>
<doc>This is some basic info about the whole suite</doc>
<status status="PASS" starttime="20220210 22:03:20.313" endtime="20220210 22:04:12.982"/>
</suite>
<statistics>
<total>
<stat pass="2" fail="0" skip="0">All Tests</stat>
</total>
<tag>
<stat pass="2" fail="0" skip="0">Smoke</stat>
</tag>
<suite>
<stat pass="2" fail="0" skip="0" id="s1" name="Amazon">Amazon</stat>
</suite>
</statistics>
<errors>
</errors>
</robot>
